105.2910 	WARNING 	Monitor specification not found. Creating a temporary one...
105.3427 	WARNING 	User requested fullscreen with size [800 600], but screen is actually [1366, 768]. Using actual size
33.0822 	DATA 	Keypress: space
39.9142 	DATA 	Keypress: space
39.9596 	EXP 	window1: mouseVisible = True
15.7669 	WARNING 	Monitor specification not found. Creating a temporary one...
15.7764 	WARNING 	User requested fullscreen with size [800 600], but screen is actually [1366, 768]. Using actual size
1.5005 	DATA 	Keypress: space
5.5485 	DATA 	Keypress: space
5.5573 	EXP 	unnamed TextStim: text = 'trial 1 / 6'
7.5615 	EXP 	Sound  started
26.9275 	DATA 	Keypress: 3
26.9438 	EXP 	unnamed TextStim: text = 'trial 2 / 6'
28.9467 	EXP 	Sound  started
47.5594 	DATA 	Keypress: 1
47.5758 	EXP 	unnamed TextStim: text = 'trial 3 / 6'
49.5796 	EXP 	Sound  started
67.9912 	DATA 	Keypress: 2
68.0075 	EXP 	unnamed TextStim: text = 'trial 4 / 6'
70.0127 	EXP 	Sound  started
88.7229 	DATA 	Keypress: 1
88.7395 	EXP 	unnamed TextStim: text = 'trial 5 / 6'
90.7444 	EXP 	Sound  started
109.3049 	DATA 	Keypress: 3
109.3210 	EXP 	unnamed TextStim: text = 'trial 6 / 6'
111.3267 	EXP 	Sound  started
129.9367 	DATA 	Keypress: 2
139.1567 	DATA 	Keypress: 1
139.5967 	DATA 	Keypress: 2
139.9966 	DATA 	Keypress: 3
144.1726 	DATA 	Keypress: 1
144.5406 	DATA 	Keypress: 2
144.9167 	DATA 	Keypress: 3
145.2927 	DATA 	Keypress: 2
145.5647 	DATA 	Keypress: 1
178.1567 	DATA 	Keypress: space
178.1630 	EXP 	unnamed TextStim: text = 'trial 1 / 24'
180.1666 	EXP 	Sound  started
199.1149 	DATA 	Keypress: 2
199.1313 	EXP 	unnamed TextStim: text = 'trial 2 / 24'
201.1347 	EXP 	Sound  started
209.8332 	DATA 	Mouse: wheel shift=(0,1), pos=(31,718)
209.9165 	DATA 	Mouse: wheel shift=(0,1), pos=(31,718)
209.9665 	DATA 	Mouse: wheel shift=(0,1), pos=(31,718)
210.0159 	DATA 	Mouse: wheel shift=(0,1), pos=(31,718)
210.4820 	DATA 	Mouse: wheel shift=(0,1), pos=(31,718)
210.5486 	DATA 	Mouse: wheel shift=(0,1), pos=(31,718)
210.5818 	DATA 	Mouse: wheel shift=(0,1), pos=(31,718)
210.6152 	DATA 	Mouse: wheel shift=(0,1), pos=(31,718)
222.1629 	EXP 	unnamed TextStim: text = 'trial 3 / 24'
224.1670 	EXP 	Sound  started
243.2452 	DATA 	Keypress: 3
243.2615 	EXP 	unnamed TextStim: text = 'trial 4 / 24'
245.2664 	EXP 	Sound  started
262.4615 	DATA 	Keypress: 1
263.2768 	EXP 	unnamed TextStim: text = 'trial 5 / 24'
264.0776 	DATA 	Keypress: 1
265.2809 	EXP 	Sound  started
285.4587 	DATA 	Keypress: 1
285.4752 	EXP 	unnamed TextStim: text = 'trial 6 / 24'
287.4783 	EXP 	Sound  started
305.4417 	DATA 	Keypress: 3
305.4902 	EXP 	unnamed TextStim: text = 'trial 7 / 24'
307.4938 	EXP 	Sound  started
325.4071 	DATA 	Keypress: 3
325.5055 	EXP 	unnamed TextStim: text = 'trial 8 / 24'
327.5097 	EXP 	Sound  started
348.5371 	EXP 	unnamed TextStim: text = 'trial 9 / 24'
350.5417 	EXP 	Sound  started
369.3859 	DATA 	Keypress: 3
369.4021 	EXP 	unnamed TextStim: text = 'trial 10 / 24'
371.4063 	EXP 	Sound  started
392.4340 	EXP 	unnamed TextStim: text = 'trial 11 / 24'
394.4383 	EXP 	Sound  started
415.4656 	EXP 	unnamed TextStim: text = 'trial 12 / 24'
416.2664 	DATA 	Keypress: 4
417.4691 	EXP 	Sound  started
438.4972 	EXP 	unnamed TextStim: text = 'trial 13 / 24'
439.2978 	DATA 	Keypress: 2
440.5007 	EXP 	Sound  started
461.5289 	EXP 	unnamed TextStim: text = 'trial 14 / 24'
463.5322 	EXP 	Sound  started
484.5605 	EXP 	unnamed TextStim: text = 'trial 15 / 24'
486.5653 	EXP 	Sound  started
507.5920 	EXP 	unnamed TextStim: text = 'trial 16 / 24'
509.5950 	EXP 	Sound  started
530.6241 	EXP 	unnamed TextStim: text = 'trial 17 / 24'
532.6280 	EXP 	Sound  started
553.6554 	EXP 	unnamed TextStim: text = 'trial 18 / 24'
555.6601 	EXP 	Sound  started
576.6872 	EXP 	unnamed TextStim: text = 'trial 19 / 24'
578.6908 	EXP 	Sound  started
599.7188 	EXP 	unnamed TextStim: text = 'trial 20 / 24'
601.7228 	EXP 	Sound  started
622.7505 	EXP 	unnamed TextStim: text = 'trial 21 / 24'
624.7536 	EXP 	Sound  started
632.6563 	DATA 	Mouse: Left button down, pos=(794,288)
632.7848 	DATA 	Mouse:  Left button up, pos=(785,273)
644.4992 	DATA 	Keypress: 3
644.5155 	EXP 	unnamed TextStim: text = 'trial 22 / 24'
646.5188 	EXP 	Sound  started
664.9656 	DATA 	Keypress: 3
664.9974 	EXP 	unnamed TextStim: text = 'trial 23 / 24'
667.0009 	EXP 	Sound  started
688.0291 	EXP 	unnamed TextStim: text = 'trial 24 / 24'
690.0329 	EXP 	Sound  started
711.0523 	EXP 	Created unnamed TextStim = TextStim(__class__=<class 'psychopy.visual.text.TextStim'>, alignHoriz=method-wrapper(...), alignText='center', alignVert=method-wrapper(...), anchorHoriz='center', anchorVert='center', antialias=True, autoLog=True, bold=False, color=array([1., 1., 1.]), colorSpace='rgb', contrast=1.0, depth=0, flipHoriz=False, flipVert=False, font='', fontFiles=[], height=0.1, italic=False, languageStyle='LTR', name='unnamed TextStim', opacity=1.0, ori=0.0, pos=array([0., 0.]), rgb=UNKNOWN, text=str(...), units='norm', win=Window(...), wrapWidth=1.8)
770.1694 	DATA 	Mouse: Left button down, pos=(785,273)
770.2733 	DATA 	Mouse:  Left button up, pos=(785,273)
773.0772 	DATA 	Keypress: space
791.4532 	DATA 	Keypress: space
791.4600 	EXP 	unnamed TextStim: text = 'trial 1 / 24'
793.4631 	EXP 	Sound  started
797.2725 	DATA 	Keypress: escape
797.2725 	EXP 	Global key event: shutdown. Calling <function quit_and_save at 0x000002542CCE0378>.
797.3062 	EXP 	window1: mouseVisible = True
27.0805 	WARNING 	Monitor specification not found. Creating a temporary one...
27.0924 	WARNING 	User requested fullscreen with size [800 600], but screen is actually [1366, 768]. Using actual size
21.6532 	DATA 	Keypress: space
21.6631 	EXP 	unnamed TextStim: text = 'trial 1 / 24'
23.6678 	EXP 	Sound  started
55.2441 	DATA 	Keypress: 3
55.2606 	EXP 	unnamed TextStim: text = 'trial 2 / 24'
57.2637 	EXP 	Sound  started
57.7287 	DATA 	Keypress: escape
57.7288 	EXP 	Global key event: shutdown. Calling <function quit_and_save at 0x0000019D96860378>.
57.7690 	EXP 	window1: mouseVisible = True
