5.1053 	WARNING 	psychopy.parallel has been imported but no parallel port driver found. Install either inpout32, inpoutx64 or dlportio
17.2248 	WARNING 	Monitor specification not found. Creating a temporary one...
17.2315 	WARNING 	User requested fullscreen with size [800 600], but screen is actually [1366, 768]. Using actual size
2.3855 	DATA 	Keypress: space
2.3947 	EXP 	unnamed TextStim: text = 'trial 1 / 24'
4.3999 	EXP 	Sound  started
12.9084 	DATA 	Mouse: Left button down, pos=(656,286)
12.9883 	DATA 	Mouse:  Left button up, pos=(656,286)
22.8533 	DATA 	Keypress: 3
22.8696 	EXP 	unnamed TextStim: text = 'trial 2 / 24'
24.8741 	EXP 	Sound  started
25.8207 	DATA 	Mouse: wheel shift=(0,-1), pos=(134,246)
25.9040 	DATA 	Mouse: wheel shift=(0,-1), pos=(134,246)
43.1698 	DATA 	Keypress: 1
43.2015 	EXP 	unnamed TextStim: text = 'trial 3 / 24'
45.0121 	DATA 	Keypress: escape
45.0121 	EXP 	Global key event: shutdown. Calling <function quit_and_save at 0x0000018F54320378>.
45.0322 	EXP 	window1: mouseVisible = True
5.2056 	WARNING 	psychopy.parallel has been imported but no parallel port driver found. Install either inpout32, inpoutx64 or dlportio
37.9948 	WARNING 	Monitor specification not found. Creating a temporary one...
38.0040 	WARNING 	User requested fullscreen with size [800 600], but screen is actually [1366, 768]. Using actual size
0.9961 	DATA 	Keypress: space
1.0045 	EXP 	unnamed TextStim: text = 'trial 1 / 24'
3.0098 	EXP 	Sound  started
22.3637 	DATA 	Keypress: 2
22.3800 	EXP 	unnamed TextStim: text = 'trial 2 / 24'
24.3834 	EXP 	Sound  started
43.4955 	DATA 	Keypress: 2
43.5118 	EXP 	unnamed TextStim: text = 'trial 3 / 24'
45.5154 	EXP 	Sound  started
47.9129 	DATA 	Keypress: escape
47.9130 	EXP 	Global key event: shutdown. Calling <function quit_and_save at 0x0000029241290378>.
47.9526 	EXP 	window1: mouseVisible = True
