16.6221 	WARNING 	Monitor specification not found. Creating a temporary one...
16.6472 	WARNING 	User requested fullscreen with size [800 600], but screen is actually [1920, 1080]. Using actual size
16.7211 	DATA 	Keypress: escape
16.7212 	EXP 	Global key event: shutdown. Calling <function quit_and_save at 0x000002A347DE0510>.
16.7648 	EXP 	window1: mouseVisible = True
12.0128 	WARNING 	Monitor specification not found. Creating a temporary one...
12.0339 	WARNING 	User requested fullscreen with size [800 600], but screen is actually [1920, 1080]. Using actual size
19.1932 	DATA 	Keypress: 2
23.1081 	DATA 	Keypress: 1
23.1189 	EXP 	unnamed TextStim: text = 'trial 1 / 4'
25.1241 	EXP 	Sound  started
42.1522 	EXP 	unnamed TextStim: text = 'trial 2 / 4'
44.1563 	EXP 	Sound  started
60.0723 	DATA 	Keypress: 2
60.0886 	EXP 	unnamed TextStim: text = 'trial 3 / 4'
60.8906 	DATA 	Keypress: escape
60.8908 	EXP 	Global key event: shutdown. Calling <function quit_and_save at 0x000001B968EF0510>.
60.9662 	EXP 	window1: mouseVisible = True
13.1258 	WARNING 	Monitor specification not found. Creating a temporary one...
13.1411 	WARNING 	User requested fullscreen with size [800 600], but screen is actually [1920, 1080]. Using actual size
1.1610 	DATA 	Keypress: space
1.9040 	DATA 	Keypress: space
1.9154 	EXP 	unnamed TextStim: text = 'trial 1 / 4'
3.9206 	EXP 	Sound  started
20.5115 	DATA 	Keypress: 2
20.5335 	EXP 	unnamed TextStim: text = 'trial 2 / 4'
22.5368 	EXP 	Sound  started
38.2038 	DATA 	Keypress: 1
41.2016 	DATA 	Keypress: 1
41.2239 	EXP 	unnamed TextStim: text = 'trial 3 / 4'
43.2290 	EXP 	Sound  started
59.4260 	DATA 	Keypress: 1
59.4483 	EXP 	unnamed TextStim: text = 'trial 4 / 4'
61.4528 	EXP 	Sound  started
77.6837 	DATA 	Keypress: 2
81.4939 	DATA 	Keypress: space
83.0319 	DATA 	Keypress: space
83.8730 	DATA 	Keypress: 2
84.4005 	DATA 	Keypress: 1
85.1656 	DATA 	Keypress: 2
85.3162 	DATA 	Keypress: 3
85.5576 	DATA 	Keypress: 4
86.0282 	DATA 	Keypress: space
86.2449 	DATA 	Keypress: space
86.7143 	DATA 	Keypress: 1
86.8830 	DATA 	Keypress: 2
87.0833 	DATA 	Keypress: 3
87.5773 	DATA 	Keypress: escape
87.5774 	EXP 	Global key event: shutdown. Calling <function quit_and_save at 0x000001882B210510>.
87.6177 	EXP 	window1: mouseVisible = True
11.9080 	WARNING 	Monitor specification not found. Creating a temporary one...
11.9315 	WARNING 	User requested fullscreen with size [800 600], but screen is actually [1920, 1080]. Using actual size
0.6673 	DATA 	Keypress: space
1.0511 	DATA 	Keypress: space
1.0616 	EXP 	unnamed TextStim: text = 'trial 1 / 4'
3.0669 	EXP 	Sound  started
18.7549 	DATA 	Keypress: 2
22.0684 	DATA 	Keypress: 2
22.0889 	EXP 	unnamed TextStim: text = 'trial 2 / 4'
24.0929 	EXP 	Sound  started
41.5764 	DATA 	Keypress: 1
41.6065 	EXP 	unnamed TextStim: text = 'trial 3 / 4'
43.6107 	EXP 	Sound  started
60.0364 	DATA 	Keypress: 2
61.6004 	DATA 	Keypress: 2
61.6310 	EXP 	unnamed TextStim: text = 'trial 4 / 4'
63.6350 	EXP 	Sound  started
79.7909 	DATA 	Keypress: 1
81.4439 	DATA 	Keypress: 1
81.5823 	EXP 	window1: mouseVisible = True
15.5095 	WARNING 	Monitor specification not found. Creating a temporary one...
15.5259 	WARNING 	User requested fullscreen with size [800 600], but screen is actually [1920, 1080]. Using actual size
1.8671 	DATA 	Keypress: space
1.8797 	EXP 	unnamed TextStim: text = 'trial 1 / 48'
3.8848 	EXP 	Sound  started
19.9213 	DATA 	Keypress: 2
24.9183 	EXP 	unnamed TextStim: text = 'trial 2 / 48'
26.9230 	EXP 	Sound  started
43.5903 	DATA 	Keypress: 1
43.6244 	EXP 	unnamed TextStim: text = 'trial 3 / 48'
45.6289 	EXP 	Sound  started
48.8210 	DATA 	Keypress: escape
48.8211 	EXP 	Global key event: shutdown. Calling <function quit_and_save at 0x0000020C36280510>.
48.8794 	EXP 	window1: mouseVisible = True
30.8713 	WARNING 	Monitor specification not found. Creating a temporary one...
30.8910 	WARNING 	User requested fullscreen with size [800 600], but screen is actually [1920, 1080]. Using actual size
0.0576 	EXP 	window1: mouseVisible = True
14.4686 	WARNING 	Monitor specification not found. Creating a temporary one...
14.4983 	WARNING 	User requested fullscreen with size [800 600], but screen is actually [1920, 1080]. Using actual size
1.4593 	DATA 	Keypress: space
2.8998 	DATA 	Keypress: space
2.9103 	EXP 	unnamed TextStim: text = 'trial 1 / 4'
4.9153 	EXP 	Sound  started
20.2699 	DATA 	Keypress: 2
22.7331 	DATA 	Keypress: 2
22.7581 	EXP 	unnamed TextStim: text = 'trial 2 / 4'
24.7615 	EXP 	Sound  started
41.6061 	DATA 	Keypress: 1
41.6284 	EXP 	unnamed TextStim: text = 'trial 3 / 4'
43.6323 	EXP 	Sound  started
59.6013 	DATA 	Keypress: 1
61.1664 	DATA 	Keypress: 1
61.1973 	EXP 	unnamed TextStim: text = 'trial 4 / 4'
63.2019 	EXP 	Sound  started
80.3564 	DATA 	Keypress: 1
82.9846 	DATA 	Keypress: space
82.9931 	EXP 	unnamed TextStim: text = 'trial 1 / 48'
84.9972 	EXP 	Sound  started
102.0634 	DATA 	Keypress: 2
102.0830 	EXP 	unnamed TextStim: text = 'trial 2 / 48'
104.0879 	EXP 	Sound  started
121.4550 	DATA 	Keypress: 2
121.4757 	EXP 	unnamed TextStim: text = 'trial 3 / 48'
123.4800 	EXP 	Sound  started
139.6474 	DATA 	Keypress: 2
139.6702 	EXP 	unnamed TextStim: text = 'trial 4 / 48'
141.5056 	DATA 	Keypress: escape
141.5057 	EXP 	Global key event: shutdown. Calling <function quit_and_save at 0x000001DF213E0510>.
141.5648 	EXP 	window1: mouseVisible = True
